
ROM used: 88 (1%)
          88 (1%) including unused fragments

          0 Average locations per line
          0 Average locations per statement

RAM used: 12 (3%) at main() level
          13 (4%) worst case

Stack used: 1 worst case (out of 8 total available)

Lines Stmts  %   Files
----- ----- ---  -----
   33    13   3  P1.c
  425     0   0  ..\..\..\..\..\..\Program Files (x86)\PICC\devices\16F887.h
 1273   359  97  ..\..\..\..\..\..\Program Files (x86)\PICC\drivers\stdlib.h
   28     0   0  ..\..\..\..\..\..\Program Files (x86)\PICC\drivers\stddef.h
  409     0   0  ..\..\..\..\..\..\Program Files (x86)\PICC\drivers\string.h
   28     0   0  ..\..\..\..\..\..\Program Files (x86)\PICC\drivers\ctype.h
   37     0   0  ..\..\..\..\..\..\Program Files (x86)\PICC\drivers\stdio.h
----- -----
 2233   372 Total

Page ROM  %  RAM   Vol Diff  Functions:
---- --- --- ---   --- ----  ----------
0     21  24   1             @delay_ms1
0     63  72   1   359  2.4  MAIN

Program metrics:
    Functions               1
    Statements              372
    Comments                643
    Volume (V)              362
    Difficilty (D)          2.3
    Effort to implement (E) 827
    Time to implement (T)   1 minutes
    Est Delivered Bugs (B)  0
    Cyclomatic Complexity   1
    Maintainability (MI)    94

 Segment     Used  Free
-----------  ----  ----
00000-00003     4  0  
00004-007FF    84  1960  
00800-00FFF     0  2048  
01000-017FF     0  2048  
01800-01FFF     0  2048  



